2018-05-04 12:10:44 [DEBUG] [apache.ibatis.logging.jdbc.BaseJdbcLogger:159] ==>  Preparing: INSERT INTO board ( bno , title , content , writer ) VALUES ( board_bno_seq.nextval , ? , ? , ? )  
2018-05-04 12:10:44 [DEBUG] [apache.ibatis.logging.jdbc.BaseJdbcLogger:159] ==> Parameters: 하이(String), 하이루(String), 사종찬(String) 
2018-05-04 12:10:44 [DEBUG] [apache.ibatis.logging.jdbc.BaseJdbcLogger:159] <==    Updates: 1 
2018-05-04 12:10:44 [INFO ] [or.kosta.springmvc.board.BoardTest:29] 하이루 
2018-05-04 12:37:21 [DEBUG] [apache.ibatis.logging.jdbc.BaseJdbcLogger:159] ==>  Preparing: SELECT rn , bno , title , content , writer , regdate , viewcnt FROM (SELECT CEIL(rn / 10) as page , rn , bno , title , content , writer , regdate , viewcnt FROM (SELECT rownum as rn , bno , title , content , writer , regdate , viewcnt FROM board ORDER BY bno desc )) WHERE page = ?  
2018-05-04 12:37:21 [DEBUG] [apache.ibatis.logging.jdbc.BaseJdbcLogger:159] ==> Parameters: 3(Integer) 
2018-05-04 12:37:21 [DEBUG] [apache.ibatis.logging.jdbc.BaseJdbcLogger:159] <==      Total: 0 
2018-05-04 12:37:56 [DEBUG] [apache.ibatis.logging.jdbc.BaseJdbcLogger:159] ==>  Preparing: SELECT rn , bno , title , content , writer , regdate , viewcnt FROM (SELECT CEIL(rn / 10) as page , rn , bno , title , content , writer , regdate , viewcnt FROM (SELECT rownum as rn , bno , title , content , writer , regdate , viewcnt FROM board ORDER BY bno desc )) WHERE page = ?  
2018-05-04 12:37:56 [DEBUG] [apache.ibatis.logging.jdbc.BaseJdbcLogger:159] ==> Parameters: 3(Integer) 
2018-05-04 12:37:56 [DEBUG] [apache.ibatis.logging.jdbc.BaseJdbcLogger:159] <==      Total: 10 
2018-05-04 12:37:56 [INFO ] [or.kosta.springmvc.board.BoardTest:65] Board [bno=529, title=되따, content=그래따, writer=나다, regdate=2018-05-04 12:12:39, viewcnt=0] 
2018-05-04 12:37:56 [INFO ] [or.kosta.springmvc.board.BoardTest:65] Board [bno=528, title=쥐료똬, content=좌료똬, writer=423, regdate=2018-05-04 12:12:39, viewcnt=0] 
2018-05-04 12:37:56 [INFO ] [or.kosta.springmvc.board.BoardTest:65] Board [bno=527, title=123, content=432, writer=423, regdate=2018-05-04 12:12:39, viewcnt=0] 
2018-05-04 12:37:56 [INFO ] [or.kosta.springmvc.board.BoardTest:65] Board [bno=526, title=하이, content=하이루, writer=사종찬, regdate=2018-05-04 12:12:39, viewcnt=0] 
2018-05-04 12:37:56 [INFO ] [or.kosta.springmvc.board.BoardTest:65] Board [bno=525, title=이대용은 짜이요, content=짜이요, writer=423, regdate=2018-05-04 12:12:39, viewcnt=0] 
2018-05-04 12:37:56 [INFO ] [or.kosta.springmvc.board.BoardTest:65] Board [bno=524, title=되따, content=그래따, writer=나다, regdate=2018-05-04 12:12:39, viewcnt=0] 
2018-05-04 12:37:56 [INFO ] [or.kosta.springmvc.board.BoardTest:65] Board [bno=523, title=쥐료똬, content=좌료똬, writer=423, regdate=2018-05-04 12:12:39, viewcnt=0] 
2018-05-04 12:37:56 [INFO ] [or.kosta.springmvc.board.BoardTest:65] Board [bno=522, title=123, content=432, writer=423, regdate=2018-05-04 12:12:39, viewcnt=0] 
2018-05-04 12:37:56 [INFO ] [or.kosta.springmvc.board.BoardTest:65] Board [bno=521, title=하이, content=하이루, writer=사종찬, regdate=2018-05-04 12:12:39, viewcnt=0] 
2018-05-04 12:37:56 [INFO ] [or.kosta.springmvc.board.BoardTest:65] Board [bno=520, title=이대용은 짜이요, content=짜이요, writer=423, regdate=2018-05-04 12:12:39, viewcnt=0] 
2018-05-04 12:38:11 [DEBUG] [apache.ibatis.logging.jdbc.BaseJdbcLogger:159] ==>  Preparing: SELECT rn , bno , title , content , writer , regdate , viewcnt FROM (SELECT CEIL(rn / 10) as page , rn , bno , title , content , writer , regdate , viewcnt FROM (SELECT rownum as rn , bno , title , content , writer , regdate , viewcnt FROM board ORDER BY bno desc )) WHERE page = ?  
2018-05-04 12:38:11 [DEBUG] [apache.ibatis.logging.jdbc.BaseJdbcLogger:159] ==> Parameters: 4(Integer) 
2018-05-04 12:38:11 [DEBUG] [apache.ibatis.logging.jdbc.BaseJdbcLogger:159] <==      Total: 10 
2018-05-04 12:38:11 [INFO ] [or.kosta.springmvc.board.BoardTest:65] Board [bno=539, title=되따, content=그래따, writer=나다, regdate=2018-05-04 12:12:39, viewcnt=0] 
2018-05-04 12:38:11 [INFO ] [or.kosta.springmvc.board.BoardTest:65] Board [bno=538, title=쥐료똬, content=좌료똬, writer=423, regdate=2018-05-04 12:12:39, viewcnt=0] 
2018-05-04 12:38:11 [INFO ] [or.kosta.springmvc.board.BoardTest:65] Board [bno=537, title=123, content=432, writer=423, regdate=2018-05-04 12:12:39, viewcnt=0] 
2018-05-04 12:38:11 [INFO ] [or.kosta.springmvc.board.BoardTest:65] Board [bno=536, title=하이, content=하이루, writer=사종찬, regdate=2018-05-04 12:12:39, viewcnt=0] 
2018-05-04 12:38:11 [INFO ] [or.kosta.springmvc.board.BoardTest:65] Board [bno=535, title=이대용은 짜이요, content=짜이요, writer=423, regdate=2018-05-04 12:12:39, viewcnt=0] 
2018-05-04 12:38:11 [INFO ] [or.kosta.springmvc.board.BoardTest:65] Board [bno=534, title=되따, content=그래따, writer=나다, regdate=2018-05-04 12:12:39, viewcnt=0] 
2018-05-04 12:38:11 [INFO ] [or.kosta.springmvc.board.BoardTest:65] Board [bno=533, title=쥐료똬, content=좌료똬, writer=423, regdate=2018-05-04 12:12:39, viewcnt=0] 
2018-05-04 12:38:11 [INFO ] [or.kosta.springmvc.board.BoardTest:65] Board [bno=532, title=123, content=432, writer=423, regdate=2018-05-04 12:12:39, viewcnt=0] 
2018-05-04 12:38:11 [INFO ] [or.kosta.springmvc.board.BoardTest:65] Board [bno=531, title=하이, content=하이루, writer=사종찬, regdate=2018-05-04 12:12:39, viewcnt=0] 
2018-05-04 12:38:11 [INFO ] [or.kosta.springmvc.board.BoardTest:65] Board [bno=530, title=이대용은 짜이요, content=짜이요, writer=423, regdate=2018-05-04 12:12:39, viewcnt=0] 
2018-05-04 12:38:17 [DEBUG] [apache.ibatis.logging.jdbc.BaseJdbcLogger:159] ==>  Preparing: SELECT rn , bno , title , content , writer , regdate , viewcnt FROM (SELECT CEIL(rn / 10) as page , rn , bno , title , content , writer , regdate , viewcnt FROM (SELECT rownum as rn , bno , title , content , writer , regdate , viewcnt FROM board ORDER BY bno desc )) WHERE page = ?  
2018-05-04 12:38:17 [DEBUG] [apache.ibatis.logging.jdbc.BaseJdbcLogger:159] ==> Parameters: 1(Integer) 
2018-05-04 12:38:17 [DEBUG] [apache.ibatis.logging.jdbc.BaseJdbcLogger:159] <==      Total: 10 
2018-05-04 12:38:17 [INFO ] [or.kosta.springmvc.board.BoardTest:65] Board [bno=509, title=되따, content=그래따, writer=나다, regdate=2018-05-04 12:12:39, viewcnt=0] 
2018-05-04 12:38:17 [INFO ] [or.kosta.springmvc.board.BoardTest:65] Board [bno=508, title=쥐료똬, content=좌료똬, writer=423, regdate=2018-05-04 12:12:39, viewcnt=0] 
2018-05-04 12:38:17 [INFO ] [or.kosta.springmvc.board.BoardTest:65] Board [bno=507, title=123, content=432, writer=423, regdate=2018-05-04 12:12:39, viewcnt=0] 
2018-05-04 12:38:17 [INFO ] [or.kosta.springmvc.board.BoardTest:65] Board [bno=506, title=하이, content=하이루, writer=사종찬, regdate=2018-05-04 12:12:39, viewcnt=0] 
2018-05-04 12:38:17 [INFO ] [or.kosta.springmvc.board.BoardTest:65] Board [bno=505, title=이대용은 짜이요, content=짜이요, writer=423, regdate=2018-05-04 12:12:39, viewcnt=0] 
2018-05-04 12:38:17 [INFO ] [or.kosta.springmvc.board.BoardTest:65] Board [bno=504, title=되따, content=그래따, writer=나다, regdate=2018-05-04 12:12:39, viewcnt=0] 
2018-05-04 12:38:17 [INFO ] [or.kosta.springmvc.board.BoardTest:65] Board [bno=503, title=쥐료똬, content=좌료똬, writer=423, regdate=2018-05-04 12:12:39, viewcnt=0] 
2018-05-04 12:38:17 [INFO ] [or.kosta.springmvc.board.BoardTest:65] Board [bno=502, title=123, content=432, writer=423, regdate=2018-05-04 12:12:39, viewcnt=0] 
2018-05-04 12:38:17 [INFO ] [or.kosta.springmvc.board.BoardTest:65] Board [bno=501, title=하이, content=하이루, writer=사종찬, regdate=2018-05-04 12:12:39, viewcnt=0] 
2018-05-04 12:38:17 [INFO ] [or.kosta.springmvc.board.BoardTest:65] Board [bno=500, title=이대용은 짜이요, content=짜이요, writer=423, regdate=2018-05-04 12:12:39, viewcnt=0] 
2018-05-04 15:21:11 [DEBUG] [apache.ibatis.logging.jdbc.BaseJdbcLogger:159] ==>  Preparing: SELECT rn , bno , title , content , writer , regdate , viewcnt FROM (SELECT CEIL(rn / ?) as page , rn , bno , title , content , writer , regdate , viewcnt FROM (SELECT rownum as rn , bno , title , content , writer , regdate , viewcnt FROM board ORDER BY bno desc )) WHERE page = ?  
2018-05-04 15:21:11 [DEBUG] [apache.ibatis.logging.jdbc.BaseJdbcLogger:159] ==> Parameters: 20(Integer), 2(Integer) 
2018-05-04 15:21:12 [DEBUG] [apache.ibatis.logging.jdbc.BaseJdbcLogger:159] <==      Total: 20 
2018-05-04 15:21:12 [INFO ] [or.kosta.springmvc.board.BoardTest:79] Board [bno=5101, title=123, content=432, writer=423, regdate=2018-05-04 12:12:41, viewcnt=0] 
2018-05-04 15:21:12 [INFO ] [or.kosta.springmvc.board.BoardTest:79] Board [bno=5100, title=하이, content=하이루, writer=사종찬, regdate=2018-05-04 12:12:41, viewcnt=0] 
2018-05-04 15:21:12 [INFO ] [or.kosta.springmvc.board.BoardTest:79] Board [bno=5099, title=이대용은 짜이요, content=짜이요, writer=423, regdate=2018-05-04 12:12:41, viewcnt=0] 
2018-05-04 15:21:12 [INFO ] [or.kosta.springmvc.board.BoardTest:79] Board [bno=5098, title=되따, content=그래따, writer=나다, regdate=2018-05-04 12:12:41, viewcnt=0] 
2018-05-04 15:21:12 [INFO ] [or.kosta.springmvc.board.BoardTest:79] Board [bno=5097, title=쥐료똬, content=좌료똬, writer=423, regdate=2018-05-04 12:12:41, viewcnt=0] 
2018-05-04 15:21:12 [INFO ] [or.kosta.springmvc.board.BoardTest:79] Board [bno=5096, title=123, content=432, writer=423, regdate=2018-05-04 12:12:41, viewcnt=0] 
2018-05-04 15:21:12 [INFO ] [or.kosta.springmvc.board.BoardTest:79] Board [bno=5095, title=하이, content=하이루, writer=사종찬, regdate=2018-05-04 12:12:41, viewcnt=0] 
2018-05-04 15:21:12 [INFO ] [or.kosta.springmvc.board.BoardTest:79] Board [bno=5094, title=이대용은 짜이요, content=짜이요, writer=423, regdate=2018-05-04 12:12:41, viewcnt=0] 
2018-05-04 15:21:12 [INFO ] [or.kosta.springmvc.board.BoardTest:79] Board [bno=5093, title=되따, content=그래따, writer=나다, regdate=2018-05-04 12:12:41, viewcnt=0] 
2018-05-04 15:21:12 [INFO ] [or.kosta.springmvc.board.BoardTest:79] Board [bno=5092, title=쥐료똬, content=좌료똬, writer=423, regdate=2018-05-04 12:12:41, viewcnt=0] 
2018-05-04 15:21:12 [INFO ] [or.kosta.springmvc.board.BoardTest:79] Board [bno=5091, title=123, content=432, writer=423, regdate=2018-05-04 12:12:41, viewcnt=0] 
2018-05-04 15:21:12 [INFO ] [or.kosta.springmvc.board.BoardTest:79] Board [bno=5090, title=하이, content=하이루, writer=사종찬, regdate=2018-05-04 12:12:41, viewcnt=0] 
2018-05-04 15:21:12 [INFO ] [or.kosta.springmvc.board.BoardTest:79] Board [bno=5089, title=이대용은 짜이요, content=짜이요, writer=423, regdate=2018-05-04 12:12:41, viewcnt=0] 
2018-05-04 15:21:12 [INFO ] [or.kosta.springmvc.board.BoardTest:79] Board [bno=5088, title=되따, content=그래따, writer=나다, regdate=2018-05-04 12:12:41, viewcnt=0] 
2018-05-04 15:21:12 [INFO ] [or.kosta.springmvc.board.BoardTest:79] Board [bno=5087, title=쥐료똬, content=좌료똬, writer=423, regdate=2018-05-04 12:12:41, viewcnt=0] 
2018-05-04 15:21:12 [INFO ] [or.kosta.springmvc.board.BoardTest:79] Board [bno=5086, title=123, content=432, writer=423, regdate=2018-05-04 12:12:41, viewcnt=0] 
2018-05-04 15:21:12 [INFO ] [or.kosta.springmvc.board.BoardTest:79] Board [bno=5085, title=하이, content=하이루, writer=사종찬, regdate=2018-05-04 12:12:41, viewcnt=0] 
2018-05-04 15:21:12 [INFO ] [or.kosta.springmvc.board.BoardTest:79] Board [bno=5084, title=이대용은 짜이요, content=짜이요, writer=423, regdate=2018-05-04 12:12:41, viewcnt=0] 
2018-05-04 15:21:12 [INFO ] [or.kosta.springmvc.board.BoardTest:79] Board [bno=5083, title=되따, content=그래따, writer=나다, regdate=2018-05-04 12:12:41, viewcnt=0] 
2018-05-04 15:21:12 [INFO ] [or.kosta.springmvc.board.BoardTest:79] Board [bno=5082, title=쥐료똬, content=좌료똬, writer=423, regdate=2018-05-04 12:12:41, viewcnt=0] 
2018-05-04 15:21:27 [DEBUG] [apache.ibatis.logging.jdbc.BaseJdbcLogger:159] ==>  Preparing: SELECT rn , bno , title , content , writer , regdate , viewcnt FROM (SELECT CEIL(rn / ?) as page , rn , bno , title , content , writer , regdate , viewcnt FROM (SELECT rownum as rn , bno , title , content , writer , regdate , viewcnt FROM board ORDER BY bno desc )) WHERE page = ?  
2018-05-04 15:21:27 [DEBUG] [apache.ibatis.logging.jdbc.BaseJdbcLogger:159] ==> Parameters: 100(Integer), 1(Integer) 
2018-05-04 15:21:27 [DEBUG] [apache.ibatis.logging.jdbc.BaseJdbcLogger:159] <==      Total: 100 
2018-05-04 15:21:27 [INFO ] [or.kosta.springmvc.board.BoardTest:79] Board [bno=5121, title=123, content=432, writer=423, regdate=2018-05-04 12:12:41, viewcnt=0] 
2018-05-04 15:21:27 [INFO ] [or.kosta.springmvc.board.BoardTest:79] Board [bno=5120, title=하이, content=하이루, writer=사종찬, regdate=2018-05-04 12:12:41, viewcnt=0] 
2018-05-04 15:21:27 [INFO ] [or.kosta.springmvc.board.BoardTest:79] Board [bno=5119, title=이대용은 짜이요, content=짜이요, writer=423, regdate=2018-05-04 12:12:41, viewcnt=0] 
2018-05-04 15:21:27 [INFO ] [or.kosta.springmvc.board.BoardTest:79] Board [bno=5118, title=되따, content=그래따, writer=나다, regdate=2018-05-04 12:12:41, viewcnt=0] 
2018-05-04 15:21:27 [INFO ] [or.kosta.springmvc.board.BoardTest:79] Board [bno=5117, title=쥐료똬, content=좌료똬, writer=423, regdate=2018-05-04 12:12:41, viewcnt=0] 
2018-05-04 15:21:27 [INFO ] [or.kosta.springmvc.board.BoardTest:79] Board [bno=5116, title=123, content=432, writer=423, regdate=2018-05-04 12:12:41, viewcnt=0] 
2018-05-04 15:21:27 [INFO ] [or.kosta.springmvc.board.BoardTest:79] Board [bno=5115, title=하이, content=하이루, writer=사종찬, regdate=2018-05-04 12:12:41, viewcnt=0] 
2018-05-04 15:21:27 [INFO ] [or.kosta.springmvc.board.BoardTest:79] Board [bno=5114, title=이대용은 짜이요, content=짜이요, writer=423, regdate=2018-05-04 12:12:41, viewcnt=0] 
2018-05-04 15:21:27 [INFO ] [or.kosta.springmvc.board.BoardTest:79] Board [bno=5113, title=되따, content=그래따, writer=나다, regdate=2018-05-04 12:12:41, viewcnt=0] 
2018-05-04 15:21:27 [INFO ] [or.kosta.springmvc.board.BoardTest:79] Board [bno=5112, title=쥐료똬, content=좌료똬, writer=423, regdate=2018-05-04 12:12:41, viewcnt=0] 
2018-05-04 15:21:27 [INFO ] [or.kosta.springmvc.board.BoardTest:79] Board [bno=5111, title=123, content=432, writer=423, regdate=2018-05-04 12:12:41, viewcnt=0] 
2018-05-04 15:21:27 [INFO ] [or.kosta.springmvc.board.BoardTest:79] Board [bno=5110, title=하이, content=하이루, writer=사종찬, regdate=2018-05-04 12:12:41, viewcnt=0] 
2018-05-04 15:21:27 [INFO ] [or.kosta.springmvc.board.BoardTest:79] Board [bno=5109, title=이대용은 짜이요, content=짜이요, writer=423, regdate=2018-05-04 12:12:41, viewcnt=0] 
2018-05-04 15:21:27 [INFO ] [or.kosta.springmvc.board.BoardTest:79] Board [bno=5108, title=되따, content=그래따, writer=나다, regdate=2018-05-04 12:12:41, viewcnt=0] 
2018-05-04 15:21:27 [INFO ] [or.kosta.springmvc.board.BoardTest:79] Board [bno=5107, title=쥐료똬, content=좌료똬, writer=423, regdate=2018-05-04 12:12:41, viewcnt=0] 
2018-05-04 15:21:27 [INFO ] [or.kosta.springmvc.board.BoardTest:79] Board [bno=5106, title=123, content=432, writer=423, regdate=2018-05-04 12:12:41, viewcnt=0] 
2018-05-04 15:21:27 [INFO ] [or.kosta.springmvc.board.BoardTest:79] Board [bno=5105, title=하이, content=하이루, writer=사종찬, regdate=2018-05-04 12:12:41, viewcnt=0] 
2018-05-04 15:21:27 [INFO ] [or.kosta.springmvc.board.BoardTest:79] Board [bno=5104, title=이대용은 짜이요, content=짜이요, writer=423, regdate=2018-05-04 12:12:41, viewcnt=0] 
2018-05-04 15:21:27 [INFO ] [or.kosta.springmvc.board.BoardTest:79] Board [bno=5103, title=되따, content=그래따, writer=나다, regdate=2018-05-04 12:12:41, viewcnt=0] 
2018-05-04 15:21:27 [INFO ] [or.kosta.springmvc.board.BoardTest:79] Board [bno=5102, title=쥐료똬, content=좌료똬, writer=423, regdate=2018-05-04 12:12:41, viewcnt=0] 
2018-05-04 15:21:27 [INFO ] [or.kosta.springmvc.board.BoardTest:79] Board [bno=5101, title=123, content=432, writer=423, regdate=2018-05-04 12:12:41, viewcnt=0] 
2018-05-04 15:21:27 [INFO ] [or.kosta.springmvc.board.BoardTest:79] Board [bno=5100, title=하이, content=하이루, writer=사종찬, regdate=2018-05-04 12:12:41, viewcnt=0] 
2018-05-04 15:21:27 [INFO ] [or.kosta.springmvc.board.BoardTest:79] Board [bno=5099, title=이대용은 짜이요, content=짜이요, writer=423, regdate=2018-05-04 12:12:41, viewcnt=0] 
2018-05-04 15:21:27 [INFO ] [or.kosta.springmvc.board.BoardTest:79] Board [bno=5098, title=되따, content=그래따, writer=나다, regdate=2018-05-04 12:12:41, viewcnt=0] 
2018-05-04 15:21:27 [INFO ] [or.kosta.springmvc.board.BoardTest:79] Board [bno=5097, title=쥐료똬, content=좌료똬, writer=423, regdate=2018-05-04 12:12:41, viewcnt=0] 
2018-05-04 15:21:27 [INFO ] [or.kosta.springmvc.board.BoardTest:79] Board [bno=5096, title=123, content=432, writer=423, regdate=2018-05-04 12:12:41, viewcnt=0] 
2018-05-04 15:21:27 [INFO ] [or.kosta.springmvc.board.BoardTest:79] Board [bno=5095, title=하이, content=하이루, writer=사종찬, regdate=2018-05-04 12:12:41, viewcnt=0] 
2018-05-04 15:21:27 [INFO ] [or.kosta.springmvc.board.BoardTest:79] Board [bno=5094, title=이대용은 짜이요, content=짜이요, writer=423, regdate=2018-05-04 12:12:41, viewcnt=0] 
2018-05-04 15:21:27 [INFO ] [or.kosta.springmvc.board.BoardTest:79] Board [bno=5093, title=되따, content=그래따, writer=나다, regdate=2018-05-04 12:12:41, viewcnt=0] 
2018-05-04 15:21:27 [INFO ] [or.kosta.springmvc.board.BoardTest:79] Board [bno=5092, title=쥐료똬, content=좌료똬, writer=423, regdate=2018-05-04 12:12:41, viewcnt=0] 
2018-05-04 15:21:27 [INFO ] [or.kosta.springmvc.board.BoardTest:79] Board [bno=5091, title=123, content=432, writer=423, regdate=2018-05-04 12:12:41, viewcnt=0] 
2018-05-04 15:21:27 [INFO ] [or.kosta.springmvc.board.BoardTest:79] Board [bno=5090, title=하이, content=하이루, writer=사종찬, regdate=2018-05-04 12:12:41, viewcnt=0] 
2018-05-04 15:21:27 [INFO ] [or.kosta.springmvc.board.BoardTest:79] Board [bno=5089, title=이대용은 짜이요, content=짜이요, writer=423, regdate=2018-05-04 12:12:41, viewcnt=0] 
2018-05-04 15:21:27 [INFO ] [or.kosta.springmvc.board.BoardTest:79] Board [bno=5088, title=되따, content=그래따, writer=나다, regdate=2018-05-04 12:12:41, viewcnt=0] 
2018-05-04 15:21:27 [INFO ] [or.kosta.springmvc.board.BoardTest:79] Board [bno=5087, title=쥐료똬, content=좌료똬, writer=423, regdate=2018-05-04 12:12:41, viewcnt=0] 
2018-05-04 15:21:27 [INFO ] [or.kosta.springmvc.board.BoardTest:79] Board [bno=5086, title=123, content=432, writer=423, regdate=2018-05-04 12:12:41, viewcnt=0] 
2018-05-04 15:21:27 [INFO ] [or.kosta.springmvc.board.BoardTest:79] Board [bno=5085, title=하이, content=하이루, writer=사종찬, regdate=2018-05-04 12:12:41, viewcnt=0] 
2018-05-04 15:21:27 [INFO ] [or.kosta.springmvc.board.BoardTest:79] Board [bno=5084, title=이대용은 짜이요, content=짜이요, writer=423, regdate=2018-05-04 12:12:41, viewcnt=0] 
2018-05-04 15:21:27 [INFO ] [or.kosta.springmvc.board.BoardTest:79] Board [bno=5083, title=되따, content=그래따, writer=나다, regdate=2018-05-04 12:12:41, viewcnt=0] 
2018-05-04 15:21:27 [INFO ] [or.kosta.springmvc.board.BoardTest:79] Board [bno=5082, title=쥐료똬, content=좌료똬, writer=423, regdate=2018-05-04 12:12:41, viewcnt=0] 
2018-05-04 15:21:27 [INFO ] [or.kosta.springmvc.board.BoardTest:79] Board [bno=5081, title=123, content=432, writer=423, regdate=2018-05-04 12:12:41, viewcnt=0] 
2018-05-04 15:21:27 [INFO ] [or.kosta.springmvc.board.BoardTest:79] Board [bno=5080, title=하이, content=하이루, writer=사종찬, regdate=2018-05-04 12:12:41, viewcnt=0] 
2018-05-04 15:21:27 [INFO ] [or.kosta.springmvc.board.BoardTest:79] Board [bno=5079, title=이대용은 짜이요, content=짜이요, writer=423, regdate=2018-05-04 12:12:41, viewcnt=0] 
2018-05-04 15:21:27 [INFO ] [or.kosta.springmvc.board.BoardTest:79] Board [bno=5078, title=되따, content=그래따, writer=나다, regdate=2018-05-04 12:12:41, viewcnt=0] 
2018-05-04 15:21:27 [INFO ] [or.kosta.springmvc.board.BoardTest:79] Board [bno=5077, title=쥐료똬, content=좌료똬, writer=423, regdate=2018-05-04 12:12:41, viewcnt=0] 
2018-05-04 15:21:27 [INFO ] [or.kosta.springmvc.board.BoardTest:79] Board [bno=5076, title=123, content=432, writer=423, regdate=2018-05-04 12:12:41, viewcnt=0] 
2018-05-04 15:21:27 [INFO ] [or.kosta.springmvc.board.BoardTest:79] Board [bno=5075, title=하이, content=하이루, writer=사종찬, regdate=2018-05-04 12:12:41, viewcnt=0] 
2018-05-04 15:21:27 [INFO ] [or.kosta.springmvc.board.BoardTest:79] Board [bno=5074, title=이대용은 짜이요, content=짜이요, writer=423, regdate=2018-05-04 12:12:41, viewcnt=0] 
2018-05-04 15:21:27 [INFO ] [or.kosta.springmvc.board.BoardTest:79] Board [bno=5073, title=되따, content=그래따, writer=나다, regdate=2018-05-04 12:12:41, viewcnt=0] 
2018-05-04 15:21:27 [INFO ] [or.kosta.springmvc.board.BoardTest:79] Board [bno=5072, title=쥐료똬, content=좌료똬, writer=423, regdate=2018-05-04 12:12:41, viewcnt=0] 
2018-05-04 15:21:27 [INFO ] [or.kosta.springmvc.board.BoardTest:79] Board [bno=5071, title=123, content=432, writer=423, regdate=2018-05-04 12:12:41, viewcnt=0] 
2018-05-04 15:21:27 [INFO ] [or.kosta.springmvc.board.BoardTest:79] Board [bno=5070, title=하이, content=하이루, writer=사종찬, regdate=2018-05-04 12:12:41, viewcnt=0] 
2018-05-04 15:21:27 [INFO ] [or.kosta.springmvc.board.BoardTest:79] Board [bno=5069, title=이대용은 짜이요, content=짜이요, writer=423, regdate=2018-05-04 12:12:41, viewcnt=0] 
2018-05-04 15:21:27 [INFO ] [or.kosta.springmvc.board.BoardTest:79] Board [bno=5068, title=되따, content=그래따, writer=나다, regdate=2018-05-04 12:12:41, viewcnt=0] 
2018-05-04 15:21:27 [INFO ] [or.kosta.springmvc.board.BoardTest:79] Board [bno=5067, title=쥐료똬, content=좌료똬, writer=423, regdate=2018-05-04 12:12:41, viewcnt=0] 
2018-05-04 15:21:27 [INFO ] [or.kosta.springmvc.board.BoardTest:79] Board [bno=5066, title=123, content=432, writer=423, regdate=2018-05-04 12:12:41, viewcnt=0] 
2018-05-04 15:21:27 [INFO ] [or.kosta.springmvc.board.BoardTest:79] Board [bno=5065, title=하이, content=하이루, writer=사종찬, regdate=2018-05-04 12:12:41, viewcnt=0] 
2018-05-04 15:21:27 [INFO ] [or.kosta.springmvc.board.BoardTest:79] Board [bno=5064, title=이대용은 짜이요, content=짜이요, writer=423, regdate=2018-05-04 12:12:41, viewcnt=0] 
2018-05-04 15:21:27 [INFO ] [or.kosta.springmvc.board.BoardTest:79] Board [bno=5063, title=되따, content=그래따, writer=나다, regdate=2018-05-04 12:12:41, viewcnt=0] 
2018-05-04 15:21:27 [INFO ] [or.kosta.springmvc.board.BoardTest:79] Board [bno=5062, title=쥐료똬, content=좌료똬, writer=423, regdate=2018-05-04 12:12:41, viewcnt=0] 
2018-05-04 15:21:27 [INFO ] [or.kosta.springmvc.board.BoardTest:79] Board [bno=5061, title=123, content=432, writer=423, regdate=2018-05-04 12:12:41, viewcnt=0] 
2018-05-04 15:21:27 [INFO ] [or.kosta.springmvc.board.BoardTest:79] Board [bno=5060, title=하이, content=하이루, writer=사종찬, regdate=2018-05-04 12:12:41, viewcnt=0] 
2018-05-04 15:21:27 [INFO ] [or.kosta.springmvc.board.BoardTest:79] Board [bno=5059, title=이대용은 짜이요, content=짜이요, writer=423, regdate=2018-05-04 12:12:41, viewcnt=0] 
2018-05-04 15:21:27 [INFO ] [or.kosta.springmvc.board.BoardTest:79] Board [bno=5058, title=되따, content=그래따, writer=나다, regdate=2018-05-04 12:12:41, viewcnt=0] 
2018-05-04 15:21:27 [INFO ] [or.kosta.springmvc.board.BoardTest:79] Board [bno=5057, title=쥐료똬, content=좌료똬, writer=423, regdate=2018-05-04 12:12:41, viewcnt=0] 
2018-05-04 15:21:27 [INFO ] [or.kosta.springmvc.board.BoardTest:79] Board [bno=5056, title=123, content=432, writer=423, regdate=2018-05-04 12:12:41, viewcnt=0] 
2018-05-04 15:21:27 [INFO ] [or.kosta.springmvc.board.BoardTest:79] Board [bno=5055, title=하이, content=하이루, writer=사종찬, regdate=2018-05-04 12:12:41, viewcnt=0] 
2018-05-04 15:21:27 [INFO ] [or.kosta.springmvc.board.BoardTest:79] Board [bno=5054, title=이대용은 짜이요, content=짜이요, writer=423, regdate=2018-05-04 12:12:41, viewcnt=0] 
2018-05-04 15:21:27 [INFO ] [or.kosta.springmvc.board.BoardTest:79] Board [bno=5053, title=되따, content=그래따, writer=나다, regdate=2018-05-04 12:12:41, viewcnt=0] 
2018-05-04 15:21:27 [INFO ] [or.kosta.springmvc.board.BoardTest:79] Board [bno=5052, title=쥐료똬, content=좌료똬, writer=423, regdate=2018-05-04 12:12:41, viewcnt=0] 
2018-05-04 15:21:27 [INFO ] [or.kosta.springmvc.board.BoardTest:79] Board [bno=5051, title=123, content=432, writer=423, regdate=2018-05-04 12:12:41, viewcnt=0] 
2018-05-04 15:21:27 [INFO ] [or.kosta.springmvc.board.BoardTest:79] Board [bno=5050, title=하이, content=하이루, writer=사종찬, regdate=2018-05-04 12:12:41, viewcnt=0] 
2018-05-04 15:21:27 [INFO ] [or.kosta.springmvc.board.BoardTest:79] Board [bno=5049, title=이대용은 짜이요, content=짜이요, writer=423, regdate=2018-05-04 12:12:41, viewcnt=0] 
2018-05-04 15:21:27 [INFO ] [or.kosta.springmvc.board.BoardTest:79] Board [bno=5048, title=되따, content=그래따, writer=나다, regdate=2018-05-04 12:12:41, viewcnt=0] 
2018-05-04 15:21:27 [INFO ] [or.kosta.springmvc.board.BoardTest:79] Board [bno=5047, title=쥐료똬, content=좌료똬, writer=423, regdate=2018-05-04 12:12:41, viewcnt=0] 
2018-05-04 15:21:27 [INFO ] [or.kosta.springmvc.board.BoardTest:79] Board [bno=5046, title=123, content=432, writer=423, regdate=2018-05-04 12:12:41, viewcnt=0] 
2018-05-04 15:21:27 [INFO ] [or.kosta.springmvc.board.BoardTest:79] Board [bno=5045, title=하이, content=하이루, writer=사종찬, regdate=2018-05-04 12:12:41, viewcnt=0] 
2018-05-04 15:21:27 [INFO ] [or.kosta.springmvc.board.BoardTest:79] Board [bno=5044, title=이대용은 짜이요, content=짜이요, writer=423, regdate=2018-05-04 12:12:41, viewcnt=0] 
2018-05-04 15:21:27 [INFO ] [or.kosta.springmvc.board.BoardTest:79] Board [bno=5043, title=되따, content=그래따, writer=나다, regdate=2018-05-04 12:12:41, viewcnt=0] 
2018-05-04 15:21:27 [INFO ] [or.kosta.springmvc.board.BoardTest:79] Board [bno=5042, title=쥐료똬, content=좌료똬, writer=423, regdate=2018-05-04 12:12:41, viewcnt=0] 
2018-05-04 15:21:27 [INFO ] [or.kosta.springmvc.board.BoardTest:79] Board [bno=5041, title=123, content=432, writer=423, regdate=2018-05-04 12:12:41, viewcnt=0] 
2018-05-04 15:21:27 [INFO ] [or.kosta.springmvc.board.BoardTest:79] Board [bno=5040, title=하이, content=하이루, writer=사종찬, regdate=2018-05-04 12:12:41, viewcnt=0] 
2018-05-04 15:21:27 [INFO ] [or.kosta.springmvc.board.BoardTest:79] Board [bno=5039, title=이대용은 짜이요, content=짜이요, writer=423, regdate=2018-05-04 12:12:41, viewcnt=0] 
2018-05-04 15:21:27 [INFO ] [or.kosta.springmvc.board.BoardTest:79] Board [bno=5038, title=되따, content=그래따, writer=나다, regdate=2018-05-04 12:12:41, viewcnt=0] 
2018-05-04 15:21:27 [INFO ] [or.kosta.springmvc.board.BoardTest:79] Board [bno=5037, title=쥐료똬, content=좌료똬, writer=423, regdate=2018-05-04 12:12:41, viewcnt=0] 
2018-05-04 15:21:27 [INFO ] [or.kosta.springmvc.board.BoardTest:79] Board [bno=5036, title=123, content=432, writer=423, regdate=2018-05-04 12:12:41, viewcnt=0] 
2018-05-04 15:21:27 [INFO ] [or.kosta.springmvc.board.BoardTest:79] Board [bno=5035, title=하이, content=하이루, writer=사종찬, regdate=2018-05-04 12:12:41, viewcnt=0] 
2018-05-04 15:21:27 [INFO ] [or.kosta.springmvc.board.BoardTest:79] Board [bno=5034, title=이대용은 짜이요, content=짜이요, writer=423, regdate=2018-05-04 12:12:41, viewcnt=0] 
2018-05-04 15:21:27 [INFO ] [or.kosta.springmvc.board.BoardTest:79] Board [bno=5033, title=되따, content=그래따, writer=나다, regdate=2018-05-04 12:12:41, viewcnt=0] 
2018-05-04 15:21:27 [INFO ] [or.kosta.springmvc.board.BoardTest:79] Board [bno=5032, title=쥐료똬, content=좌료똬, writer=423, regdate=2018-05-04 12:12:41, viewcnt=0] 
2018-05-04 15:21:27 [INFO ] [or.kosta.springmvc.board.BoardTest:79] Board [bno=5031, title=123, content=432, writer=423, regdate=2018-05-04 12:12:41, viewcnt=0] 
2018-05-04 15:21:27 [INFO ] [or.kosta.springmvc.board.BoardTest:79] Board [bno=5030, title=하이, content=하이루, writer=사종찬, regdate=2018-05-04 12:12:41, viewcnt=0] 
2018-05-04 15:21:27 [INFO ] [or.kosta.springmvc.board.BoardTest:79] Board [bno=5029, title=이대용은 짜이요, content=짜이요, writer=423, regdate=2018-05-04 12:12:41, viewcnt=0] 
2018-05-04 15:21:27 [INFO ] [or.kosta.springmvc.board.BoardTest:79] Board [bno=5028, title=되따, content=그래따, writer=나다, regdate=2018-05-04 12:12:41, viewcnt=0] 
2018-05-04 15:21:27 [INFO ] [or.kosta.springmvc.board.BoardTest:79] Board [bno=5027, title=쥐료똬, content=좌료똬, writer=423, regdate=2018-05-04 12:12:41, viewcnt=0] 
2018-05-04 15:21:27 [INFO ] [or.kosta.springmvc.board.BoardTest:79] Board [bno=5026, title=123, content=432, writer=423, regdate=2018-05-04 12:12:41, viewcnt=0] 
2018-05-04 15:21:27 [INFO ] [or.kosta.springmvc.board.BoardTest:79] Board [bno=5025, title=하이, content=하이루, writer=사종찬, regdate=2018-05-04 12:12:41, viewcnt=0] 
2018-05-04 15:21:27 [INFO ] [or.kosta.springmvc.board.BoardTest:79] Board [bno=5024, title=이대용은 짜이요, content=짜이요, writer=423, regdate=2018-05-04 12:12:41, viewcnt=0] 
2018-05-04 15:21:27 [INFO ] [or.kosta.springmvc.board.BoardTest:79] Board [bno=5023, title=되따, content=그래따, writer=나다, regdate=2018-05-04 12:12:41, viewcnt=0] 
2018-05-04 15:21:27 [INFO ] [or.kosta.springmvc.board.BoardTest:79] Board [bno=5022, title=쥐료똬, content=좌료똬, writer=423, regdate=2018-05-04 12:12:41, viewcnt=0] 
2018-05-04 16:39:24 [INFO ] [or.kosta.springmvc.board.BoardTest:91] /board/read?bno=12&perPageNum=20 
2018-05-04 16:39:24 [INFO ] [or.kosta.springmvc.board.BoardTest:92] /board/read?bno=12&perPageNum=20 
2018-05-04 16:56:37 [INFO ] [or.kosta.springmvc.board.BoardTest:106] PageMaker [totalCount=100, startPage=-8, endPage=1, prev=true, next=true, displayPageNum=10, cri=Criteria [page=1, perPageNum=20]] 
2018-05-04 16:57:11 [INFO ] [or.kosta.springmvc.board.BoardTest:106] PageMaker [totalCount=1000, startPage=-8, endPage=1, prev=true, next=true, displayPageNum=10, cri=Criteria [page=1, perPageNum=20]] 
2018-05-04 16:59:14 [INFO ] [or.kosta.springmvc.board.BoardTest:106] PageMaker [totalCount=1000, startPage=1, endPage=10, prev=false, next=true, displayPageNum=10, cri=Criteria [page=1, perPageNum=20]] 
